
════════════════════════════════════════════════════════════
  EDGE AUTOPILOT SESSION LOG
  Started: 2026-01-03T22:00:27.032Z
  Session: 2026-01-03T22-00-27-019Z
════════════════════════════════════════════════════════════

[2026-01-03T22:00:27.056Z] [INFO] Starting queue with 10 tasks
[2026-01-03T22:00:27.057Z] [INFO] Running: Analyze the Edge Oracle codebase at /Users/g/VScode-Programs/Projects/edge-oracle

1. Find all route...
[2026-01-03T22:03:22.513Z] [INFO] Task completed with code 0
[2026-01-03T22:03:22.521Z] [INFO] Running: Review src/pages/Dashboard.jsx in Edge Oracle:

1. Check all data fetching - is it connected to Supa...
[2026-01-03T22:05:14.423Z] [INFO] Task completed with code 0
[2026-01-03T22:05:14.428Z] [INFO] Running: Review all files in src/pages/HPOM/ in Edge Oracle:

1. Check each component for proper Supabase dat...
[2026-01-03T22:08:37.504Z] [INFO] Task completed with code 0
[2026-01-03T22:08:37.511Z] [INFO] Running: Review src/pages/Facilities/ in Edge Oracle:

1. Check Facilities Browser loads data from Supabase
2...
[2026-01-03T22:14:15.609Z] [INFO] Task completed with code 0
[2026-01-03T22:14:15.614Z] [INFO] Running: Review src/pages/Departments/ in Edge Oracle:

1. Check Department Browser loads hierarchy data
2. V...
[2026-01-03T22:18:04.197Z] [INFO] Task completed with code 0
[2026-01-03T22:18:04.204Z] [INFO] Running: Review the Leadership Rounding feature in Edge Oracle:

1. Find all related files (search for "round...
[2026-01-03T22:22:14.614Z] [INFO] Task completed with code 0
[2026-01-03T22:22:14.622Z] [INFO] Running: Review navigation in Edge Oracle:

1. Check sidebar navigation component
2. Verify all menu items li...
[2026-01-03T22:26:54.160Z] [INFO] Task completed with code 0
[2026-01-03T22:26:54.167Z] [INFO] Running: Review auth in Edge Oracle:

1. Check Login.jsx and auth components
2. Verify Supabase auth is confi...
[2026-01-03T22:28:56.217Z] [INFO] Task completed with code 0
[2026-01-03T22:28:56.228Z] [INFO] Running: Review and polish Edge Oracle styling:

1. Check src/index.css and global styles
2. Verify Edge Bran...
[2026-01-03T22:33:12.187Z] [INFO] Task completed with code 0
[2026-01-03T22:33:12.194Z] [INFO] Running: Create a final audit report for Edge Oracle:

1. Read all files in ./audit/ directory
2. Compile fin...
[2026-01-03T22:34:31.663Z] [INFO] Task completed with code 0
