
════════════════════════════════════════════════════════════
  EDGE AUTOPILOT SESSION LOG
  Started: 2026-01-04T16:16:52.928Z
  Session: 2026-01-04T16-16-52-917Z
════════════════════════════════════════════════════════════

[2026-01-04T16:16:52.933Z] [INFO] Starting queue with 5 tasks
[2026-01-04T16:16:52.934Z] [INFO] Running: In Edge Oracle, find all Firebase-related files that can be deleted:

1. Search for files with "fire...
[2026-01-04T16:19:00.421Z] [INFO] Task completed with code 0
[2026-01-04T16:19:00.441Z] [INFO] Running: In Edge Oracle, delete deprecated Firebase service files:

1. Check if executiveRoundsService.ts is ...
[2026-01-04T16:20:09.318Z] [INFO] Task completed with code 0
[2026-01-04T16:20:09.329Z] [INFO] Running: In Edge Oracle, check Firebase configuration:

1. Find src/lib/firebase/ or similar config directory...
[2026-01-04T16:23:07.859Z] [INFO] Task completed with code 0
[2026-01-04T16:23:07.869Z] [INFO] Running: In Edge Oracle, clean up AuthContext:

1. Check src/context/AuthContext.tsx
2. If it's just a wrappe...
[2026-01-04T16:31:07.220Z] [INFO] Task completed with code 0
[2026-01-04T16:31:07.239Z] [INFO] Running: In Edge Oracle, verify the Firebase cleanup:

1. Run: npm run build - fix any errors
2. Search for r...
[2026-01-04T16:34:40.837Z] [INFO] Task completed with code 0
