
════════════════════════════════════════════════════════════
  EDGE AUTOPILOT SESSION LOG
  Started: 2026-01-04T18:40:22.024Z
  Session: 2026-01-04T18-40-22-011Z
════════════════════════════════════════════════════════════

[2026-01-04T18:40:22.033Z] [INFO] Running: In Edge Oracle, migrate src/services/routeService.ts to Supabase:

1. Check if routes table exists i...
[2026-01-04T18:40:22.033Z] [INFO] Starting queue with 6 tasks
[2026-01-04T18:43:51.037Z] [INFO] Task completed with code 0
[2026-01-04T18:43:51.050Z] [INFO] Running: In Edge Oracle, migrate src/services/routeSharingService.ts to Supabase:

1. Replace Firestore impor...
[2026-01-04T18:46:28.178Z] [INFO] Task completed with code 0
[2026-01-04T18:46:28.188Z] [INFO] Running: In Edge Oracle, migrate src/services/prepReminderService.ts to Supabase:

1. Replace Firestore impor...
[2026-01-04T18:50:27.152Z] [INFO] Task completed with code 0
[2026-01-04T18:50:27.160Z] [INFO] Running: In Edge Oracle, migrate src/services/ellevateIntegrationService.ts to Supabase:

1. Replace Firestor...
[2026-01-04T18:54:53.048Z] [INFO] Task completed with code 0
[2026-01-04T18:54:53.058Z] [INFO] Running: In Edge Oracle, migrate src/services/epicDepartmentService.js to Supabase:

1. Replace Firestore imp...
[2026-01-04T18:56:20.951Z] [INFO] Task completed with code 0
[2026-01-04T18:56:20.962Z] [INFO] Running: In Edge Oracle, verify Phase 3 migrations:

1. Run: npm run build - fix any errors
2. Count remainin...
[2026-01-04T18:58:11.581Z] [INFO] Task completed with code 0
