
════════════════════════════════════════════════════════════
  EDGE AUTOPILOT SESSION LOG
  Started: 2026-01-04T05:02:34.294Z
  Session: 2026-01-04T05-02-34-281Z
════════════════════════════════════════════════════════════

[2026-01-04T05:02:34.299Z] [INFO] Running: In Edge Oracle at /Users/g/VScode-Programs/Projects/edge-oracle

Audit src/pages/Departments/ to und...
[2026-01-04T05:02:34.299Z] [INFO] Starting queue with 8 tasks
[2026-01-04T05:04:45.603Z] [INFO] Task completed with code 0
[2026-01-04T05:04:45.615Z] [INFO] Running: In Edge Oracle, build out the Department Team tab:

1. Find the Team tab component in src/pages/Depa...
[2026-01-04T05:07:59.815Z] [INFO] Task completed with code 0
[2026-01-04T05:07:59.827Z] [INFO] Running: In Edge Oracle, build out the Department Strategy tab:

1. Find the Strategy tab component
2. Connec...
[2026-01-04T05:10:37.499Z] [INFO] Task completed with code 0
[2026-01-04T05:10:37.506Z] [INFO] Running: In Edge Oracle, build out the Department Projects tab:

1. Find the Projects tab component
2. Connec...
[2026-01-04T05:14:57.035Z] [INFO] Task completed with code 0
[2026-01-04T05:14:57.042Z] [INFO] Running: In Edge Oracle, build out the Department Processes/Workflows tab:

1. Find the processes/workflows t...
[2026-01-04T05:20:45.045Z] [INFO] Task completed with code 0
[2026-01-04T05:20:45.053Z] [INFO] Running: In Edge Oracle, build out the Department Resources tab:

1. Find or create Resources tab component
2...
[2026-01-04T05:25:08.528Z] [INFO] Task completed with code 0
[2026-01-04T05:25:08.536Z] [INFO] Running: In Edge Oracle, polish the department detail page:

1. Ensure all tabs have consistent styling
2. Ad...
[2026-01-04T05:32:13.796Z] [INFO] Task completed with code 0
[2026-01-04T05:32:13.804Z] [INFO] Running: In Edge Oracle, verify department pages:

1. Run: npm run build
2. Check for any TypeScript/ESLint e...
[2026-01-04T05:35:18.880Z] [INFO] Task completed with code 0
