
════════════════════════════════════════════════════════════
  EDGE AUTOPILOT SESSION LOG
  Started: 2026-01-04T13:43:33.327Z
  Session: 2026-01-04T13-43-33-316Z
════════════════════════════════════════════════════════════

[2026-01-04T13:43:33.397Z] [INFO] Starting queue with 8 tasks
[2026-01-04T13:43:33.397Z] [INFO] Running: In Edge Oracle, audit the entire authentication flow:

1. Review src/pages/Login.jsx - document curr...
[2026-01-04T13:45:49.951Z] [INFO] Task completed with code 0
[2026-01-04T13:45:49.960Z] [INFO] Running: In Edge Oracle, verify and fix Supabase authentication:

1. Check src/lib/supabase/client.ts - ensur...
[2026-01-04T13:51:23.939Z] [INFO] Task completed with code 0
[2026-01-04T13:51:23.947Z] [INFO] Running: In Edge Oracle, fix the AuthContext:

1. Find AuthContext (likely in src/contexts/)
2. Ensure it use...
[2026-01-04T13:53:28.051Z] [INFO] Task completed with code 0
[2026-01-04T13:53:28.059Z] [INFO] Running: In Edge Oracle, fix the ProtectedRoute component:

1. Find all ProtectedRoute components (check for ...
[2026-01-04T13:56:44.501Z] [INFO] Task completed with code 0
[2026-01-04T13:56:44.507Z] [INFO] Running: In Edge Oracle, fix the Login page:

1. Review src/pages/Login.jsx
2. Use Supabase signInWithPasswor...
[2026-01-04T14:00:28.106Z] [INFO] Task completed with code 0
[2026-01-04T14:00:28.112Z] [INFO] Running: In Edge Oracle, fix post-login behavior:

1. After successful login, user should go to /dashboard
2....
[2026-01-04T14:03:40.531Z] [INFO] Task completed with code 0
[2026-01-04T14:03:40.544Z] [INFO] Running: In Edge Oracle, fix logout:

1. Find logout button/functionality (likely in Header or Sidebar)
2. Ca...
[2026-01-04T14:07:28.694Z] [INFO] Task completed with code 0
[2026-01-04T14:07:28.700Z] [INFO] Running: In Edge Oracle, verify the login fixes:

1. Run: npm run build - fix any errors
2. Run: npx tsc --no...
[2026-01-04T14:09:31.345Z] [INFO] Task completed with code 0
