
════════════════════════════════════════════════════════════
  EDGE AUTOPILOT SESSION LOG
  Started: 2026-01-04T15:14:12.130Z
  Session: 2026-01-04T15-14-12-118Z
════════════════════════════════════════════════════════════

[2026-01-04T15:14:12.135Z] [INFO] Starting queue with 5 tasks
[2026-01-04T15:14:12.136Z] [INFO] Running: In Edge Oracle, audit the Executive Rounds feature:

1. Find all Executive Rounds related files:
   ...
[2026-01-04T15:16:30.853Z] [INFO] Task completed with code 0
[2026-01-04T15:16:30.864Z] [INFO] Running: In Edge Oracle, migrate the Executive Rounds service:

1. Find the main service file (likely executi...
[2026-01-04T15:21:45.074Z] [INFO] Task completed with code 0
[2026-01-04T15:21:45.083Z] [INFO] Running: In Edge Oracle, migrate Executive Rounds pages to Supabase:

1. Review all files in src/pages/HPOM/E...
[2026-01-04T15:28:36.658Z] [INFO] Task completed with code 0
[2026-01-04T15:28:36.671Z] [INFO] Running: In Edge Oracle, check for any remaining Firebase in rounds components:

1. Search src/components/ fo...
[2026-01-04T15:31:09.725Z] [INFO] Task completed with code 0
[2026-01-04T15:31:09.744Z] [INFO] Running: In Edge Oracle, verify the Executive Rounds migration:

1. Run: npm run build - fix any errors
2. Se...
[2026-01-04T15:33:33.253Z] [INFO] Task completed with code 0
