
════════════════════════════════════════════════════════════
  EDGE AUTOPILOT SESSION LOG
  Started: 2026-01-04T18:11:46.161Z
  Session: 2026-01-04T18-11-46-150Z
════════════════════════════════════════════════════════════

[2026-01-04T18:11:46.166Z] [INFO] Starting queue with 5 tasks
[2026-01-04T18:11:46.166Z] [INFO] Running: In Edge Oracle, remove Firebase Timestamp imports from files that only use it for typing:

1. For ea...
[2026-01-04T18:14:32.117Z] [INFO] Task completed with code 0
[2026-01-04T18:14:32.126Z] [INFO] Running: In Edge Oracle, migrate src/context/AorContext.tsx:

1. Review current AorContext.tsx
2. Replace imp...
[2026-01-04T18:17:20.617Z] [INFO] Task completed with code 0
[2026-01-04T18:17:20.639Z] [INFO] Running: In Edge Oracle, migrate src/services/notificationService.ts:

1. Check if src/services/notificationS...
[2026-01-04T18:19:22.151Z] [INFO] Task completed with code 0
[2026-01-04T18:19:22.156Z] [INFO] Running: In Edge Oracle, clean up the legacy aorService.ts:

1. Check src/services/aorService.ts
2. Find all ...
[2026-01-04T18:25:01.003Z] [INFO] Task completed with code 0
[2026-01-04T18:25:01.011Z] [INFO] Running: In Edge Oracle, verify Phase 2 migrations:

1. Run: npm run build - fix any errors
2. Count remainin...
[2026-01-04T18:26:13.547Z] [INFO] Task completed with code 0
