
════════════════════════════════════════════════════════════
  EDGE AUTOPILOT SESSION LOG
  Started: 2026-01-03T23:19:48.102Z
  Session: 2026-01-03T23-19-48-095Z
════════════════════════════════════════════════════════════

[2026-01-03T23:19:48.106Z] [INFO] Starting queue with 12 tasks
[2026-01-03T23:19:48.106Z] [INFO] Running: In Edge Oracle at /Users/g/VScode-Programs/Projects/edge-oracle

1. Search for all files importing f...
[2026-01-03T23:22:42.745Z] [INFO] Task completed with code 0
[2026-01-03T23:22:42.757Z] [INFO] Running: Migrate src/pages/HPOM/Analytics/HPOMAnalytics.jsx from Firebase to Supabase:

1. Replace Firebase i...
[2026-01-03T23:25:50.339Z] [INFO] Task completed with code 0
[2026-01-03T23:25:50.345Z] [INFO] Running: Migrate src/pages/HPOM/Analytics/ExecutiveSummary.jsx from Firebase to Supabase:

1. Replace Firebas...
[2026-01-03T23:28:19.446Z] [INFO] Task completed with code 0
[2026-01-03T23:28:19.452Z] [INFO] Running: Migrate src/pages/HPOM/EllevatePortal.jsx from Firebase to Supabase:

1. Replace Firebase imports wi...
[2026-01-03T23:29:59.412Z] [INFO] Task completed with code 0
[2026-01-03T23:29:59.417Z] [INFO] Running: Migrate src/pages/HPOM/Ellevate/BrowseIdeas.jsx from Firebase to Supabase:

1. Replace Firebase Fire...
[2026-01-03T23:31:11.450Z] [INFO] Task completed with code 0
[2026-01-03T23:31:11.457Z] [INFO] Running: Migrate src/pages/HPOM/Ellevate/PTReviewQueue.jsx from Firebase to Supabase:

1. Replace Firebase im...
[2026-01-03T23:33:19.876Z] [INFO] Task completed with code 0
[2026-01-03T23:33:19.883Z] [INFO] Running: Find and migrate any remaining Firebase files in src/pages/HPOM/Ellevate/:

1. Check IdeaDetail.jsx,...
[2026-01-03T23:35:36.014Z] [INFO] Task completed with code 0
[2026-01-03T23:35:36.018Z] [INFO] Running: Migrate src/services/executiveRoundsService.ts from Firebase to Supabase:

1. Replace Firebase Fires...
[2026-01-03T23:42:27.398Z] [INFO] Task completed with code 0
[2026-01-03T23:42:27.405Z] [INFO] Running: Check if Firebase is still needed in Edge Oracle:

1. Search for any remaining Firebase imports
2. I...
[2026-01-03T23:43:50.306Z] [INFO] Task completed with code 0
[2026-01-03T23:43:50.312Z] [INFO] Running: Fix the duplicate ProtectedRoute components in Edge Oracle:

1. Find both ProtectedRoute.jsx and Pro...
[2026-01-03T23:44:53.114Z] [INFO] Task completed with code 0
[2026-01-03T23:44:53.121Z] [INFO] Running: Add error boundaries for auth failures in Edge Oracle:

1. Create src/components/ErrorBoundary.tsx i...
[2026-01-03T23:48:10.114Z] [INFO] Task completed with code 0
[2026-01-03T23:48:10.121Z] [INFO] Running: Verify the Firebase migration is complete:

1. Run: grep -r "firebase" src/ --include="*.js" --inclu...
[2026-01-03T23:49:53.064Z] [INFO] Task completed with code 0
