
════════════════════════════════════════════════════════════
  EDGE AUTOPILOT SESSION LOG
  Started: 2026-01-04T19:54:13.438Z
  Session: 2026-01-04T19-54-13-425Z
════════════════════════════════════════════════════════════

[2026-01-04T19:54:13.443Z] [INFO] Starting queue with 8 tasks
[2026-01-04T19:54:13.444Z] [INFO] Running: In Edge Oracle, verify the Presentation Studio module files are present:

1. Check src/modules/prese...
[2026-01-04T19:54:48.895Z] [INFO] Task completed with code 0
[2026-01-04T19:54:48.907Z] [INFO] Running: In Edge Oracle, install the required Remotion packages:

1. Run: npm install @remotion/bundler @remo...
[2026-01-04T19:55:32.404Z] [INFO] Task completed with code 0
[2026-01-04T19:55:32.419Z] [INFO] Running: In Edge Oracle, fix import paths in the Presentation Studio module:

1. Find the Supabase client loc...
[2026-01-04T19:57:55.351Z] [INFO] Task completed with code 0
[2026-01-04T19:57:55.358Z] [INFO] Running: In Edge Oracle, add the Presentation Studio route:

1. Find the main router config (check src/main.j...
[2026-01-04T19:59:09.320Z] [INFO] Task completed with code 0
[2026-01-04T19:59:09.326Z] [INFO] Running: In Edge Oracle, add Presentation Studio to navigation:

1. Find the sidebar/navigation component (ch...
[2026-01-04T20:00:07.808Z] [INFO] Task completed with code 0
[2026-01-04T20:00:07.814Z] [INFO] Running: In Edge Oracle, update Tailwind configuration:

1. Find tailwind.config.js or tailwind.config.ts
2. ...
[2026-01-04T20:00:43.949Z] [INFO] Task completed with code 0
[2026-01-04T20:00:43.954Z] [INFO] Running: In Edge Oracle, document the database migration:

1. Read src/modules/presentation-studio/database/s...
[2026-01-04T20:02:41.914Z] [INFO] Task completed with code 0
[2026-01-04T20:02:41.922Z] [INFO] Running: In Edge Oracle, verify the Presentation Studio integration:

1. Run: npm run build - fix any errors
...
[2026-01-04T20:05:25.753Z] [INFO] Task completed with code 0
