
════════════════════════════════════════════════════════════
  EDGE AUTOPILOT SESSION LOG
  Started: 2026-01-04T16:36:56.280Z
  Session: 2026-01-04T16-36-56-271Z
════════════════════════════════════════════════════════════

[2026-01-04T16:36:56.285Z] [INFO] Starting queue with 5 tasks
[2026-01-04T16:36:56.285Z] [INFO] Running: In Edge Oracle, create a comprehensive audit of Firestore usage:

1. Find all files importing from f...
[2026-01-04T16:39:58.517Z] [INFO] Task completed with code 0
[2026-01-04T16:39:58.526Z] [INFO] Running: In Edge Oracle, migrate the simplest Firestore services:

1. Review ./audit/firestore-migration-plan...
[2026-01-04T16:41:58.057Z] [INFO] Task completed with code 0
[2026-01-04T16:41:58.064Z] [INFO] Running: In Edge Oracle, migrate HPOM services to Supabase:

1. Find all HPOM files still using Firestore
2. ...
[2026-01-04T16:53:33.832Z] [INFO] Task completed with code 0
[2026-01-04T16:53:33.841Z] [INFO] Running: In Edge Oracle, migrate Operations services to Supabase:

1. Find files in src/pages/Operations/ or ...
[2026-01-04T16:58:48.555Z] [INFO] Task completed with code 0
[2026-01-04T16:58:48.569Z] [INFO] Running: In Edge Oracle, verify Phase 1 Firestore migrations:

1. Run: npm run build - fix any errors
2. Coun...
[2026-01-04T17:00:44.415Z] [INFO] Task completed with code 0
