
════════════════════════════════════════════════════════════
  EDGE AUTOPILOT SESSION LOG
  Started: 2026-01-04T03:00:23.520Z
  Session: 2026-01-04T03-00-23-508Z
════════════════════════════════════════════════════════════

[2026-01-04T03:00:23.525Z] [INFO] Starting queue with 8 tasks
[2026-01-04T03:00:23.525Z] [INFO] Running: In Edge Oracle at /Users/g/VScode-Programs/Projects/edge-oracle

Find and migrate all remaining page...
[2026-01-04T03:12:50.966Z] [INFO] Task completed with code 1
[2026-01-04T03:12:50.976Z] [INFO] Running: In Edge Oracle, find and migrate all components still using Firebase:

1. Run: grep -rl "firebase" s...
[2026-01-04T03:17:21.829Z] [INFO] Task completed with code 0
[2026-01-04T03:17:21.837Z] [INFO] Running: In Edge Oracle, check src/lib/ for Firebase usage:

1. Run: grep -rl "firebase" src/lib/
2. Update a...
[2026-01-04T03:17:41.571Z] [INFO] Task completed with code 0
[2026-01-04T03:17:41.577Z] [INFO] Running: In Edge Oracle, migrate utils still using Firebase:

1. Run: grep -rl "firebase" src/utils/ --includ...
[2026-01-04T03:46:29.187Z] [INFO] Task completed with code 0
[2026-01-04T03:46:29.199Z] [INFO] Running: In Edge Oracle, update type files:

1. Run: grep -rl "firebase" src/types/
2. Replace Firebase Times...
[2026-01-04T03:48:31.271Z] [INFO] Task completed with code 0
[2026-01-04T03:48:31.280Z] [INFO] Running: In Edge Oracle, clean up unused Firebase imports:

1. Run: grep -rn "from.*firebase" src/ --include=...
[2026-01-04T03:49:42.944Z] [INFO] Task completed with code 0
[2026-01-04T03:49:42.950Z] [INFO] Running: In Edge Oracle, minimize Firebase configuration:

1. Check src/firebase/firebase.js
2. Remove any un...
[2026-01-04T03:50:36.773Z] [INFO] Task completed with code 0
[2026-01-04T03:50:36.788Z] [INFO] Running: In Edge Oracle, verify the migration:

1. Run: npm run build
2. Run: grep -r "firebase" src/ --inclu...
[2026-01-04T03:54:08.374Z] [INFO] Task completed with code 0
