
════════════════════════════════════════════════════════════
  EDGE AUTOPILOT SESSION LOG
  Started: 2026-01-04T14:47:29.744Z
  Session: 2026-01-04T14-47-29-734Z
════════════════════════════════════════════════════════════

[2026-01-04T14:47:29.767Z] [INFO] Running: In Edge Oracle, audit the Simulator page:

1. Review src/pages/Simulator.jsx thoroughly
2. List ALL ...
[2026-01-04T14:47:29.768Z] [INFO] Starting queue with 5 tasks
[2026-01-04T14:49:37.653Z] [INFO] Task completed with code 0
[2026-01-04T14:49:37.662Z] [INFO] Running: In Edge Oracle, create a Supabase service for the Simulator:

1. Create src/services/simulatorServic...
[2026-01-04T14:51:05.828Z] [INFO] Task completed with code 0
[2026-01-04T14:51:05.842Z] [INFO] Running: In Edge Oracle, migrate Simulator.jsx to Supabase:

1. Remove ALL Firebase/Firestore imports
2. Impo...
[2026-01-04T14:55:57.889Z] [INFO] Task completed with code 0
[2026-01-04T14:55:57.897Z] [INFO] Running: In Edge Oracle, improve Simulator UX:

1. Add loading skeletons while data fetches
2. Add error boun...
[2026-01-04T15:01:26.221Z] [INFO] Task completed with code 0
[2026-01-04T15:01:26.229Z] [INFO] Running: In Edge Oracle, verify the Simulator migration:

1. Run: npm run build - fix any errors
2. Search fo...
[2026-01-04T15:02:17.524Z] [INFO] Task completed with code 0
