
════════════════════════════════════════════════════════════
  EDGE AUTOPILOT SESSION LOG
  Started: 2026-01-04T00:07:08.890Z
  Session: 2026-01-04T00-07-08-883Z
════════════════════════════════════════════════════════════

[2026-01-04T00:07:08.909Z] [INFO] Starting queue with 13 tasks
[2026-01-04T00:07:08.909Z] [INFO] Running: Migrate src/pages/HPOM/Ellevate/PTDecision.jsx from Firebase to Supabase:

1. Replace Firebase impor...
[2026-01-04T00:09:06.108Z] [INFO] Task completed with code 0
[2026-01-04T00:09:06.116Z] [INFO] Running: Migrate src/pages/HPOM/Ellevate/IntakeReview.jsx from Firebase to Supabase:

1. Replace Firebase imp...
[2026-01-04T00:12:45.689Z] [INFO] Task completed with code 0
[2026-01-04T00:12:45.694Z] [INFO] Running: Migrate src/pages/HPOM/Ellevate/PTCompareIdeas.jsx from Firebase to Supabase:

1. Replace Firebase i...
[2026-01-04T00:14:07.226Z] [INFO] Task completed with code 0
[2026-01-04T00:14:07.230Z] [INFO] Running: Migrate src/pages/HPOM/Ellevate/PTEvaluation.jsx from Firebase to Supabase:

1. Replace Firebase imp...
[2026-01-04T00:16:12.747Z] [INFO] Task completed with code 0
[2026-01-04T00:16:12.752Z] [INFO] Running: Migrate src/pages/HPOM/Ellevate/ConvertToProject.jsx from Firebase to Supabase:

1. Replace Firebase...
[2026-01-04T00:18:35.136Z] [INFO] Task completed with code 0
[2026-01-04T00:18:35.143Z] [INFO] Running: Find and migrate all Firebase usage in src/pages/ProjectManagement/:

1. List all files with Firebas...
[2026-01-04T00:21:08.966Z] [INFO] Task completed with code 0
[2026-01-04T00:21:08.973Z] [INFO] Running: Find and migrate Firebase usage in Scribe/Documentation:

1. Search for files in src/ related to scr...
[2026-01-04T00:32:40.200Z] [INFO] Task completed with code 0
[2026-01-04T00:32:40.206Z] [INFO] Running: Find and migrate all Firebase usage in AOR Builder:

1. Search for AOR-related files in src/pages/ a...
[2026-01-04T00:35:01.706Z] [INFO] Task completed with code 0
[2026-01-04T00:35:01.711Z] [INFO] Running: Find and migrate all Firebase Storage usage:

1. Search for 'firebase/storage' imports
2. Replace wi...
[2026-01-04T00:37:40.030Z] [INFO] Task completed with code 0
[2026-01-04T00:37:40.063Z] [INFO] Running: Find and migrate any remaining Firebase services:

1. Search src/services/ for Firebase imports
2. M...
[2026-01-04T00:46:28.044Z] [INFO] Task completed with code 0
[2026-01-04T00:46:28.082Z] [INFO] Running: Find and migrate any Firebase usage in context providers:

1. Search src/contexts/ for Firebase impo...
[2026-01-04T00:56:29.583Z] [INFO] Task completed with code 0
[2026-01-04T00:56:29.590Z] [INFO] Running: Find and migrate any Firebase usage in hooks:

1. Search src/hooks/ for Firebase imports
2. Replace ...
[2026-01-04T01:00:06.166Z] [INFO] Task completed with code 0
[2026-01-04T01:00:06.172Z] [INFO] Running: Verify phase 2 Firebase migration:

1. Run: grep -r "firebase" src/ --include="*.js" --include="*.js...
[2026-01-04T01:01:21.107Z] [INFO] Task completed with code 0
