
════════════════════════════════════════════════════════════
  EDGE AUTOPILOT SESSION LOG
  Started: 2026-01-04T07:44:00.786Z
  Session: 2026-01-04T07-44-00-780Z
════════════════════════════════════════════════════════════

[2026-01-04T07:44:00.849Z] [INFO] Starting queue with 10 tasks
[2026-01-04T07:44:00.850Z] [INFO] Running: In Edge Oracle at /Users/g/VScode-Programs/Projects/edge-oracle

1. Run: npm run build 2>&1 | head -...
[2026-01-04T07:48:24.828Z] [INFO] Task completed with code 0
[2026-01-04T07:48:24.838Z] [INFO] Running: In Edge Oracle, fix all files with missing React imports:

1. Run: grep -rn "React\." src/ --include...
[2026-01-04T07:50:13.349Z] [INFO] Task completed with code 0
[2026-01-04T07:50:13.356Z] [INFO] Running: In Edge Oracle, find and fix undefined variable errors:

1. Run: npx tsc --noEmit 2>&1 | grep "is no...
[2026-01-04T07:55:02.927Z] [INFO] Task completed with code 0
[2026-01-04T07:55:02.937Z] [INFO] Running: In Edge Oracle, fix Supabase realtime WebSocket issues:

1. Check src/lib/supabase/client.ts for any...
[2026-01-04T07:59:57.070Z] [INFO] Task completed with code 0
[2026-01-04T07:59:57.080Z] [INFO] Running: In Edge Oracle, fix any errors in Department pages:

1. Check src/pages/Departments/ for TypeScript ...
[2026-01-04T08:02:43.605Z] [INFO] Task completed with code 0
[2026-01-04T08:02:43.613Z] [INFO] Running: In Edge Oracle, fix any errors in Dashboard:

1. Check src/pages/Dashboard.jsx and related component...
[2026-01-04T08:05:22.482Z] [INFO] Task completed with code 0
[2026-01-04T08:05:22.494Z] [INFO] Running: In Edge Oracle, fix any errors in HPOM section:

1. Check src/pages/HPOM/ for errors
2. Fix missing ...
[2026-01-04T08:09:16.102Z] [INFO] Task completed with code 0
[2026-01-04T08:09:16.112Z] [INFO] Running: In Edge Oracle, fix any errors in Facilities section:

1. Check src/pages/Facilities/ for errors
2. ...
[2026-01-04T08:12:32.012Z] [INFO] Task completed with code 0
[2026-01-04T08:12:32.019Z] [INFO] Running: In Edge Oracle, fix navigation errors:

1. Check src/main.jsx for routing issues
2. Verify all lazy-...
[2026-01-04T08:16:03.828Z] [INFO] Task completed with code 0
[2026-01-04T08:16:03.837Z] [INFO] Running: In Edge Oracle, do final verification:

1. Run: npm run build
2. If errors, fix them
3. Run: npx tsc...
[2026-01-04T08:19:36.364Z] [INFO] Task completed with code 0
